# IPython log file

# Fri, 13 Dec 2019 13:10:41
# Jane Doe 1.3.6 IPython log# Fri, 13 Dec 2019 13:11:05
# 7.Tuples# Fri, 13 Dec 2019 13:11:37
some_values=('a','b',3)# Fri, 13 Dec 2019 13:11:46
some_values#[Out]# ('a', 'b', 3)
# Fri, 13 Dec 2019 13:11:58
some_values[0]#[Out]# 'a'
# Fri, 13 Dec 2019 13:12:09
some_values[2]#[Out]# 3
# Fri, 13 Dec 2019 13:12:20
some_values[1]#[Out]# 'b'
# Fri, 13 Dec 2019 13:12:32
# 7a.# Fri, 13 Dec 2019 13:12:46
some_values[0:2]#[Out]# ('a', 'b')
# Fri, 13 Dec 2019 13:12:59
# 7b. (Discuss and explpain)# Fri, 13 Dec 2019 13:13:10
# 7a. (Discuss and explain)# Fri, 13 Dec 2019 13:13:29
some_values[2]= '3'# Fri, 13 Dec 2019 13:13:33
some_values[2]='3'# Fri, 13 Dec 2019 13:14:01
a = 10# Fri, 13 Dec 2019 13:14:24
b  = (9, a, 11) 3 b was defined by using a# Fri, 13 Dec 2019 13:14:31
b  = (9, a, 11)# Fri, 13 Dec 2019 13:14:35
b = (9, a, 11)# Fri, 13 Dec 2019 13:14:41
b#[Out]# (9, 10, 11)
# Fri, 13 Dec 2019 13:14:48
a = 15# Fri, 13 Dec 2019 13:14:50
a#[Out]# 15
# Fri, 13 Dec 2019 13:14:53
b#[Out]# (9, 10, 11)
# Fri, 13 Dec 2019 13:15:04
b[1] ==10#[Out]# True
# Fri, 13 Dec 2019 13:15:13
3 8a. # Fri, 13 Dec 2019 13:15:16
3 8a.# Fri, 13 Dec 2019 13:15:31
# 8a. (Discuss and explain)# Fri, 13 Dec 2019 13:16:00
b = (9, a , 11)# Fri, 13 Dec 2019 13:16:06
b[1]#[Out]# 15
# Fri, 13 Dec 2019 13:16:32
# 8b. (Discuss and explain.)# Fri, 13 Dec 2019 13:17:00
values = ['a', 'b', 3]# Fri, 13 Dec 2019 13:17:06
values#[Out]# ['a', 'b', 3]
# Fri, 13 Dec 2019 13:17:14
values[1]#[Out]# 'b'
# Fri, 13 Dec 2019 13:17:28
values[1:]#[Out]# ['b', 3]
# Fri, 13 Dec 2019 13:17:41
# 9. (Discuss and explain)# Fri, 13 Dec 2019 13:17:50
values[2] == 3#[Out]# True
# Fri, 13 Dec 2019 13:18:01
values [2] + 5#[Out]# 8
# Fri, 13 Dec 2019 13:18:08
values[2]#[Out]# 3
# Fri, 13 Dec 2019 13:18:36
values = values + [4, 5]# Fri, 13 Dec 2019 13:18:49
values[2] == 3#[Out]# True
# Fri, 13 Dec 2019 13:19:02
# 10. (Discuss and explain.)# Fri, 13 Dec 2019 13:19:25
value = values + [4,5]# Fri, 13 Dec 2019 13:19:29
values#[Out]# ['a', 'b', 3, 4, 5]
# Fri, 13 Dec 2019 13:19:44
# 11a. (Discuss and explain.)# Fri, 13 Dec 2019 13:19:57
values = values + 5# Fri, 13 Dec 2019 13:20:30
values += [5,6]